<?xml version="1.0" encoding="UTF-8"?>
<!-- Generated by org.testng.reporters.JUnitXMLReporter -->
<testsuite hostname="BLRKEC370234D" ignored="1" name="Default test" tests="1" failures="0" timestamp="06 Jun 2017 12:04:48 GMT" time="0.884" errors="0">
  <testcase name="Login_ValidLogin" time="0.0" classname="AFD_scripts.Scenario_Login">
    <skipped/>
  </testcase> <!-- Login_ValidLogin -->
  <testcase name="Login_InValidLogin" time="0.0" classname="AFD_scripts.Scenario_Login">
    <ignored/>
  </testcase> <!-- Login_InValidLogin -->
</testsuite> <!-- Default test -->
